<?xml version="1.0" encoding="UTF-8"?>
<testng-results skipped="0" failed="0" ignored="0" total="1" passed="1">
  <reporter-output>
  </reporter-output>
  <suite name="com.demo.test.MavenDemoTest" duration-ms="45" started-at="2019-09-05T15:20:26 CST" finished-at="2019-09-05T15:20:26 CST">
    <groups>
    </groups>
    <test name="Command line test" duration-ms="45" started-at="2019-09-05T15:20:26 CST" finished-at="2019-09-05T15:20:26 CST">
      <class name="com.demo.test.MavenDemoTest">
        <test-method status="PASS" signature="testMavenDemo()[pri:0, instance:com.demo.test.MavenDemoTest@58651fd0]" name="testMavenDemo" duration-ms="5" started-at="2019-09-05T15:20:26 CST" finished-at="2019-09-05T15:20:26 CST">
          <reporter-output>
          </reporter-output>
        </test-method> <!-- testMavenDemo -->
      </class> <!-- com.demo.test.MavenDemoTest -->
    </test> <!-- Command line test -->
  </suite> <!-- com.demo.test.MavenDemoTest -->
</testng-results>
